{"numFailedTestSuites":1,"numFailedTests":0,"numPassedTestSuites":0,"numPassedTests":0,"numPendingTestSuites":0,"numPendingTests":0,"numRuntimeErrorTestSuites":1,"numTodoTests":0,"numTotalTestSuites":1,"numTotalTests":0,"openHandles":[],"snapshot":{"added":0,"didUpdate":false,"failure":false,"filesAdded":0,"filesRemoved":0,"filesRemovedList":[],"filesUnmatched":0,"filesUpdated":0,"matched":0,"total":0,"unchecked":0,"uncheckedKeysByFile":[],"unmatched":0,"updated":0},"startTime":1722060251939,"success":false,"testResults":[{"assertionResults":[],"coverage":{},"endTime":1722060252527,"message":"  ● Test suite failed to run\n\n    Jest encountered an unexpected token\n\n    Jest failed to parse a file. This happens e.g. when your code or its dependencies use non-standard JavaScript syntax, or when Jest is not configured to support such syntax.\n\n    Out of the box Jest supports Babel, which will be used to transform your files into valid JS based on your Babel configuration.\n\n    By default \"node_modules\" folder is ignored by transformers.\n\n    Here's what you can do:\n     • If you are trying to use ECMAScript Modules, see https://jestjs.io/docs/ecmascript-modules for how to enable it.\n     • If you are trying to use TypeScript, see https://jestjs.io/docs/getting-started#using-typescript\n     • To have some of your \"node_modules\" files transformed, you can specify a custom \"transformIgnorePatterns\" in your config.\n     • If you need a custom transformation specify a \"transform\" option in your config.\n     • If you simply want to mock your non-JS modules (e.g. binary assets) you can stub them out with the \"moduleNameMapper\" config option.\n\n    You'll find more details and examples of these config options in the docs:\n    https://jestjs.io/docs/configuration\n    For information about custom transformations, see:\n    https://jestjs.io/docs/code-transformation\n\n    Details:\n\n    SyntaxError: /Users/edlee/Documents/fleure/fleure_backend/workers/wild-credit-792f/test/index.spec.ts: Missing initializer in const declaration. (8:68)\n\n       6 | // For now, you'll need to do something like this to get a correctly-typed\n       7 | // `Request` to pass to `worker.fetch()`.\n    >  8 | const IncomingRequest = Request<unknown, IncomingRequestCfProperties>;\n         |                                                                     ^\n       9 |\n      10 | describe('Hello World worker', () => {\n      11 | \tit('responds with Hello World! (unit style)', async () => {\n\n      at constructor (../../../node_modules/@babel/parser/src/parse-error.ts:74:19)\n      at Parser.toParseError [as raise] (../../../node_modules/@babel/parser/src/tokenizer/index.ts:1497:19)\n      at Parser.raise [as parseVar] (../../../node_modules/@babel/parser/src/parser/statement.ts:1550:16)\n      at Parser.parseVar [as parseVarStatement] (../../../node_modules/@babel/parser/src/parser/statement.ts:1196:10)\n      at Parser.parseVarStatement [as parseStatementContent] (../../../node_modules/@babel/parser/src/parser/statement.ts:550:21)\n      at Parser.parseStatementContent [as parseStatementLike] (../../../node_modules/@babel/parser/src/parser/statement.ts:421:17)\n      at Parser.parseStatementLike [as parseModuleItem] (../../../node_modules/@babel/parser/src/parser/statement.ts:358:17)\n      at Parser.parseModuleItem [as parseBlockOrModuleBlockBody] (../../../node_modules/@babel/parser/src/parser/statement.ts:1388:16)\n      at Parser.parseBlockOrModuleBlockBody [as parseBlockBody] (../../../node_modules/@babel/parser/src/parser/statement.ts:1362:10)\n      at Parser.parseBlockBody [as parseProgram] (../../../node_modules/@babel/parser/src/parser/statement.ts:217:10)\n      at Parser.parseProgram [as parseTopLevel] (../../../node_modules/@babel/parser/src/parser/statement.ts:199:25)\n      at Parser.parseTopLevel [as parse] (../../../node_modules/@babel/parser/src/parser/index.ts:45:10)\n      at parse (../../../node_modules/@babel/parser/src/index.ts:67:38)\n      at parser (../../../node_modules/@babel/core/src/parser/index.ts:28:19)\n          at parser.next (<anonymous>)\n      at normalizeFile (../../../node_modules/@babel/core/src/transformation/normalize-file.ts:50:24)\n          at normalizeFile.next (<anonymous>)\n      at run (../../../node_modules/@babel/core/src/transformation/index.ts:39:36)\n          at run.next (<anonymous>)\n      at transform (../../../node_modules/@babel/core/src/transform.ts:29:20)\n          at transform.next (<anonymous>)\n      at evaluateSync (../../../node_modules/gensync/index.js:251:28)\n      at sync (../../../node_modules/gensync/index.js:89:14)\n      at fn (../../../node_modules/@babel/core/src/errors/rewrite-stack-trace.ts:99:14)\n      at transformSync (../../../node_modules/@babel/core/src/transform.ts:66:52)\n      at ScriptTransformer.transformSource (../../../node_modules/@jest/transform/build/ScriptTransformer.js:545:31)\n      at ScriptTransformer._transformAndBuildScript (../../../node_modules/@jest/transform/build/ScriptTransformer.js:674:40)\n      at ScriptTransformer.transform (../../../node_modules/@jest/transform/build/ScriptTransformer.js:726:19)\n","name":"/Users/edlee/Documents/fleure/fleure_backend/workers/wild-credit-792f/test/index.spec.ts","startTime":1722060252527,"status":"failed","summary":""}],"wasInterrupted":false}
