{"numFailedTestSuites":0,"numFailedTests":0,"numPassedTestSuites":3,"numPassedTests":4,"numPendingTestSuites":0,"numPendingTests":0,"numRuntimeErrorTestSuites":0,"numTodoTests":0,"numTotalTestSuites":3,"numTotalTests":4,"openHandles":[],"snapshot":{"added":0,"didUpdate":false,"failure":false,"filesAdded":0,"filesRemoved":0,"filesRemovedList":[],"filesUnmatched":0,"filesUpdated":0,"matched":0,"total":0,"unchecked":0,"uncheckedKeysByFile":[],"unmatched":0,"updated":0},"startTime":1722060213990,"success":true,"testResults":[{"assertionResults":[{"ancestorTitles":["GetBookmarksByUser"],"duration":45,"failureDetails":[],"failureMessages":[],"fullName":"GetBookmarksByUser should return bookmarks for a valid user ID","invocations":1,"location":null,"numPassingAsserts":3,"retryReasons":[],"status":"passed","title":"should return bookmarks for a valid user ID"}],"endTime":1722060217348,"message":"","name":"/Users/edlee/Documents/fleure/fleure_backend/workers/bookmark/test/getBookmarksByUser.test.ts","startTime":1722060214387,"status":"passed","summary":""},{"assertionResults":[{"ancestorTitles":["CreateBookmark"],"duration":46,"failureDetails":[],"failureMessages":[],"fullName":"CreateBookmark should return 200 if the bookmark was added successfully","invocations":1,"location":null,"numPassingAsserts":2,"retryReasons":[],"status":"passed","title":"should return 200 if the bookmark was added successfully"},{"ancestorTitles":["CreateBookmark"],"duration":2,"failureDetails":[],"failureMessages":[],"fullName":"CreateBookmark should return 500 if there is an internal server error","invocations":1,"location":null,"numPassingAsserts":2,"retryReasons":[],"status":"passed","title":"should return 500 if there is an internal server error"}],"endTime":1722060217363,"message":"","name":"/Users/edlee/Documents/fleure/fleure_backend/workers/bookmark/test/createBookmark.test.ts","startTime":1722060214387,"status":"passed","summary":""},{"assertionResults":[{"ancestorTitles":["DeleteBookmark"],"duration":49,"failureDetails":[],"failureMessages":[],"fullName":"DeleteBookmark should return 200 if the bookmark was deleted successfully","invocations":1,"location":null,"numPassingAsserts":2,"retryReasons":[],"status":"passed","title":"should return 200 if the bookmark was deleted successfully"}],"endTime":1722060217380,"message":"","name":"/Users/edlee/Documents/fleure/fleure_backend/workers/bookmark/test/deleteBookmark.test.ts","startTime":1722060214387,"status":"passed","summary":""}],"wasInterrupted":false}
