{"numFailedTestSuites":0,"numFailedTests":0,"numPassedTestSuites":7,"numPassedTests":13,"numPendingTestSuites":0,"numPendingTests":0,"numRuntimeErrorTestSuites":0,"numTodoTests":0,"numTotalTestSuites":7,"numTotalTests":13,"openHandles":[],"snapshot":{"added":0,"didUpdate":false,"failure":false,"filesAdded":0,"filesRemoved":0,"filesRemovedList":[],"filesUnmatched":0,"filesUpdated":0,"matched":0,"total":0,"unchecked":0,"uncheckedKeysByFile":[],"unmatched":0,"updated":0},"startTime":1722060218920,"success":true,"testResults":[{"assertionResults":[{"ancestorTitles":["ListBundlesByCategory"],"duration":70,"failureDetails":[],"failureMessages":[],"fullName":"ListBundlesByCategory should return a list of bundles for the specified category","invocations":1,"location":null,"numPassingAsserts":5,"retryReasons":[],"status":"passed","title":"should return a list of bundles for the specified category"},{"ancestorTitles":["ListBundlesByCategory"],"duration":11,"failureDetails":[],"failureMessages":[],"fullName":"ListBundlesByCategory should return an error response when database query fails","invocations":1,"location":null,"numPassingAsserts":5,"retryReasons":[],"status":"passed","title":"should return an error response when database query fails"}],"endTime":1722060223927,"message":"","name":"/Users/edlee/Documents/fleure/fleure_backend/workers/bundle/test/listBundlesByCategory.test.ts","startTime":1722060219403,"status":"passed","summary":""},{"assertionResults":[{"ancestorTitles":["UpdateBundle"],"duration":61,"failureDetails":[],"failureMessages":[],"fullName":"UpdateBundle should update the bundle if it exists","invocations":1,"location":null,"numPassingAsserts":8,"retryReasons":[],"status":"passed","title":"should update the bundle if it exists"},{"ancestorTitles":["UpdateBundle"],"duration":2,"failureDetails":[],"failureMessages":[],"fullName":"UpdateBundle should return an error response if the bundle does not exist","invocations":1,"location":null,"numPassingAsserts":8,"retryReasons":[],"status":"passed","title":"should return an error response if the bundle does not exist"}],"endTime":1722060223944,"message":"","name":"/Users/edlee/Documents/fleure/fleure_backend/workers/bundle/test/updateBundles.test.ts","startTime":1722060219403,"status":"passed","summary":""},{"assertionResults":[{"ancestorTitles":["DeleteBundle"],"duration":65,"failureDetails":[],"failureMessages":[],"fullName":"DeleteBundle should delete a bundle and return a success message","invocations":1,"location":null,"numPassingAsserts":5,"retryReasons":[],"status":"passed","title":"should delete a bundle and return a success message"},{"ancestorTitles":["DeleteBundle"],"duration":3,"failureDetails":[],"failureMessages":[],"fullName":"DeleteBundle should return an error response when deletion fails","invocations":1,"location":null,"numPassingAsserts":5,"retryReasons":[],"status":"passed","title":"should return an error response when deletion fails"}],"endTime":1722060223950,"message":"","name":"/Users/edlee/Documents/fleure/fleure_backend/workers/bundle/test/deleteBundle.test.ts","startTime":1722060219408,"status":"passed","summary":""},{"assertionResults":[{"ancestorTitles":["ChangeBundleState"],"duration":56,"failureDetails":[],"failureMessages":[],"fullName":"ChangeBundleState should update the bundle state and return success","invocations":1,"location":null,"numPassingAsserts":5,"retryReasons":[],"status":"passed","title":"should update the bundle state and return success"},{"ancestorTitles":["ChangeBundleState"],"duration":2,"failureDetails":[],"failureMessages":[],"fullName":"ChangeBundleState should return an error response when update fails","invocations":1,"location":null,"numPassingAsserts":5,"retryReasons":[],"status":"passed","title":"should return an error response when update fails"}],"endTime":1722060223960,"message":"","name":"/Users/edlee/Documents/fleure/fleure_backend/workers/bundle/test/changeBundleState.test.ts","startTime":1722060219397,"status":"passed","summary":""},{"assertionResults":[{"ancestorTitles":["CreateBundle"],"duration":51,"failureDetails":[],"failureMessages":[],"fullName":"CreateBundle should add a bundle and return the bundle id","invocations":1,"location":null,"numPassingAsserts":6,"retryReasons":[],"status":"passed","title":"should add a bundle and return the bundle id"}],"endTime":1722060223961,"message":"","name":"/Users/edlee/Documents/fleure/fleure_backend/workers/bundle/test/createBundle.test.ts","startTime":1722060219400,"status":"passed","summary":""},{"assertionResults":[{"ancestorTitles":["ChangeBundleSize"],"duration":64,"failureDetails":[],"failureMessages":[],"fullName":"ChangeBundleSize should update the bundle size and return success","invocations":1,"location":null,"numPassingAsserts":5,"retryReasons":[],"status":"passed","title":"should update the bundle size and return success"},{"ancestorTitles":["ChangeBundleSize"],"duration":5,"failureDetails":[],"failureMessages":[],"fullName":"ChangeBundleSize should return an error response when update fails","invocations":1,"location":null,"numPassingAsserts":5,"retryReasons":[],"status":"passed","title":"should return an error response when update fails"}],"endTime":1722060223962,"message":"","name":"/Users/edlee/Documents/fleure/fleure_backend/workers/bundle/test/changeBundleSize.test.ts","startTime":1722060219394,"status":"passed","summary":""},{"assertionResults":[{"ancestorTitles":["ListBundlesByUser"],"duration":52,"failureDetails":[],"failureMessages":[],"fullName":"ListBundlesByUser should return a list of bundles for the specified user","invocations":1,"location":null,"numPassingAsserts":5,"retryReasons":[],"status":"passed","title":"should return a list of bundles for the specified user"},{"ancestorTitles":["ListBundlesByUser"],"duration":10,"failureDetails":[],"failureMessages":[],"fullName":"ListBundlesByUser should return an error response when database query fails","invocations":1,"location":null,"numPassingAsserts":5,"retryReasons":[],"status":"passed","title":"should return an error response when database query fails"}],"endTime":1722060223962,"message":"","name":"/Users/edlee/Documents/fleure/fleure_backend/workers/bundle/test/listBundlesByUser.test.ts","startTime":1722060219414,"status":"passed","summary":""}],"wasInterrupted":false}
