{"numFailedTestSuites":0,"numFailedTests":0,"numPassedTestSuites":4,"numPassedTests":5,"numPendingTestSuites":0,"numPendingTests":0,"numRuntimeErrorTestSuites":0,"numTodoTests":0,"numTotalTestSuites":4,"numTotalTests":5,"openHandles":[],"snapshot":{"added":0,"didUpdate":false,"failure":false,"filesAdded":0,"filesRemoved":0,"filesRemovedList":[],"filesUnmatched":0,"filesUpdated":0,"matched":0,"total":0,"unchecked":0,"uncheckedKeysByFile":[],"unmatched":0,"updated":0},"startTime":1722060231123,"success":true,"testResults":[{"assertionResults":[{"ancestorTitles":["AddItem"],"duration":42,"failureDetails":[],"failureMessages":[],"fullName":"AddItem should add an item and return the item id","invocations":1,"location":null,"numPassingAsserts":6,"retryReasons":[],"status":"passed","title":"should add an item and return the item id"}],"endTime":1722060235307,"message":"","name":"/Users/edlee/Documents/fleure/fleure_backend/workers/item/test/addItem.test.ts","startTime":1722060231667,"status":"passed","summary":""},{"assertionResults":[{"ancestorTitles":["GetItemsByBundle"],"duration":43,"failureDetails":[],"failureMessages":[],"fullName":"GetItemsByBundle should get items by bundle and return the list of items","invocations":1,"location":null,"numPassingAsserts":5,"retryReasons":[],"status":"passed","title":"should get items by bundle and return the list of items"}],"endTime":1722060235312,"message":"","name":"/Users/edlee/Documents/fleure/fleure_backend/workers/item/test/getItemsByBundle.test.ts","startTime":1722060231670,"status":"passed","summary":""},{"assertionResults":[{"ancestorTitles":["UpdateItem"],"duration":44,"failureDetails":[],"failureMessages":[],"fullName":"UpdateItem should update an item and return a success message","invocations":1,"location":null,"numPassingAsserts":6,"retryReasons":[],"status":"passed","title":"should update an item and return a success message"},{"ancestorTitles":["UpdateItem"],"duration":3,"failureDetails":[],"failureMessages":[],"fullName":"UpdateItem should return an error if the item does not exist","invocations":1,"location":null,"numPassingAsserts":5,"retryReasons":[],"status":"passed","title":"should return an error if the item does not exist"}],"endTime":1722060235317,"message":"","name":"/Users/edlee/Documents/fleure/fleure_backend/workers/item/test/updateItem.test.ts","startTime":1722060231666,"status":"passed","summary":""},{"assertionResults":[{"ancestorTitles":["DeleteItem"],"duration":43,"failureDetails":[],"failureMessages":[],"fullName":"DeleteItem should delete an item and return a success message","invocations":1,"location":null,"numPassingAsserts":5,"retryReasons":[],"status":"passed","title":"should delete an item and return a success message"}],"endTime":1722060235333,"message":"","name":"/Users/edlee/Documents/fleure/fleure_backend/workers/item/test/deleteItem.test.ts","startTime":1722060231674,"status":"passed","summary":""}],"wasInterrupted":false}
