{"numFailedTestSuites":0,"numFailedTests":0,"numPassedTestSuites":5,"numPassedTests":13,"numPendingTestSuites":0,"numPendingTests":0,"numRuntimeErrorTestSuites":0,"numTodoTests":0,"numTotalTestSuites":5,"numTotalTests":13,"openHandles":[],"snapshot":{"added":0,"didUpdate":false,"failure":false,"filesAdded":0,"filesRemoved":0,"filesRemovedList":[],"filesUnmatched":0,"filesUpdated":0,"matched":0,"total":0,"unchecked":0,"uncheckedKeysByFile":[],"unmatched":0,"updated":0},"startTime":1722060245825,"success":true,"testResults":[{"assertionResults":[{"ancestorTitles":["handleRequest"],"duration":67,"failureDetails":[],"failureMessages":[],"fullName":"handleRequest returns user when found","invocations":1,"location":null,"numPassingAsserts":2,"retryReasons":[],"status":"passed","title":"returns user when found"},{"ancestorTitles":["handleRequest"],"duration":2,"failureDetails":[],"failureMessages":[],"fullName":"handleRequest returns 404 when user not found","invocations":1,"location":null,"numPassingAsserts":2,"retryReasons":[],"status":"passed","title":"returns 404 when user not found"},{"ancestorTitles":["handleRequest"],"duration":2,"failureDetails":[],"failureMessages":[],"fullName":"handleRequest returns 500 when server error","invocations":1,"location":null,"numPassingAsserts":1,"retryReasons":[],"status":"passed","title":"returns 500 when server error"}],"endTime":1722060250561,"message":"","name":"/Users/edlee/Documents/fleure/fleure_backend/workers/user/test/getUserByUsername.test.ts","startTime":1722060246201,"status":"passed","summary":""},{"assertionResults":[{"ancestorTitles":["CreateUser"],"duration":83,"failureDetails":[],"failureMessages":[],"fullName":"CreateUser should handle new user creation successfully","invocations":1,"location":null,"numPassingAsserts":3,"retryReasons":[],"status":"passed","title":"should handle new user creation successfully"},{"ancestorTitles":["CreateUser"],"duration":1,"failureDetails":[],"failureMessages":[],"fullName":"CreateUser should handle existing username","invocations":1,"location":null,"numPassingAsserts":3,"retryReasons":[],"status":"passed","title":"should handle existing username"},{"ancestorTitles":["CreateUser"],"duration":9,"failureDetails":[],"failureMessages":[],"fullName":"CreateUser should handle existing email","invocations":1,"location":null,"numPassingAsserts":3,"retryReasons":[],"status":"passed","title":"should handle existing email"}],"endTime":1722060250588,"message":"","name":"/Users/edlee/Documents/fleure/fleure_backend/workers/user/test/createUser.test.ts","startTime":1722060246208,"status":"passed","summary":""},{"assertionResults":[{"ancestorTitles":["handleRequest"],"duration":86,"failureDetails":[],"failureMessages":[],"fullName":"handleRequest returns user when found","invocations":1,"location":null,"numPassingAsserts":2,"retryReasons":[],"status":"passed","title":"returns user when found"},{"ancestorTitles":["handleRequest"],"duration":6,"failureDetails":[],"failureMessages":[],"fullName":"handleRequest returns 404 when user not found","invocations":1,"location":null,"numPassingAsserts":2,"retryReasons":[],"status":"passed","title":"returns 404 when user not found"},{"ancestorTitles":["handleRequest"],"duration":2,"failureDetails":[],"failureMessages":[],"fullName":"handleRequest returns 500 when server error","invocations":1,"location":null,"numPassingAsserts":1,"retryReasons":[],"status":"passed","title":"returns 500 when server error"}],"endTime":1722060250590,"message":"","name":"/Users/edlee/Documents/fleure/fleure_backend/workers/user/test/getUserById.test.ts","startTime":1722060246202,"status":"passed","summary":""},{"assertionResults":[{"ancestorTitles":["UpdateUsername"],"duration":97,"failureDetails":[],"failureMessages":[],"fullName":"UpdateUsername should update username successfully","invocations":1,"location":null,"numPassingAsserts":3,"retryReasons":[],"status":"passed","title":"should update username successfully"},{"ancestorTitles":["UpdateUsername"],"duration":1,"failureDetails":[],"failureMessages":[],"fullName":"UpdateUsername should handle non-existing user","invocations":1,"location":null,"numPassingAsserts":3,"retryReasons":[],"status":"passed","title":"should handle non-existing user"}],"endTime":1722060250598,"message":"","name":"/Users/edlee/Documents/fleure/fleure_backend/workers/user/test/updateUsername.test.ts","startTime":1722060246203,"status":"passed","summary":""},{"assertionResults":[{"ancestorTitles":["UpdatePassword"],"duration":75,"failureDetails":[],"failureMessages":[],"fullName":"UpdatePassword should update password successfully","invocations":1,"location":null,"numPassingAsserts":3,"retryReasons":[],"status":"passed","title":"should update password successfully"},{"ancestorTitles":["UpdatePassword"],"duration":1,"failureDetails":[],"failureMessages":[],"fullName":"UpdatePassword should handle non-existing user","invocations":1,"location":null,"numPassingAsserts":3,"retryReasons":[],"status":"passed","title":"should handle non-existing user"}],"endTime":1722060250632,"message":"","name":"/Users/edlee/Documents/fleure/fleure_backend/workers/user/test/updatePassword.test.ts","startTime":1722060246210,"status":"passed","summary":""}],"wasInterrupted":false}
