{"numFailedTestSuites":0,"numFailedTests":0,"numPassedTestSuites":4,"numPassedTests":5,"numPendingTestSuites":0,"numPendingTests":0,"numRuntimeErrorTestSuites":0,"numTodoTests":0,"numTotalTestSuites":4,"numTotalTests":5,"openHandles":[],"snapshot":{"added":0,"didUpdate":false,"failure":false,"filesAdded":0,"filesRemoved":0,"filesRemovedList":[],"filesUnmatched":0,"filesUpdated":0,"matched":0,"total":0,"unchecked":0,"uncheckedKeysByFile":[],"unmatched":0,"updated":0},"startTime":1722060225477,"success":true,"testResults":[{"assertionResults":[{"ancestorTitles":["GetBundlesByTag"],"duration":53,"failureDetails":[],"failureMessages":[],"fullName":"GetBundlesByTag should return bundle IDs for a given tag ID","invocations":1,"location":null,"numPassingAsserts":6,"retryReasons":[],"status":"passed","title":"should return bundle IDs for a given tag ID"}],"endTime":1722060229651,"message":"","name":"/Users/edlee/Documents/fleure/fleure_backend/workers/bundle-tag/test/getBundlesByTag.test.ts","startTime":1722060226087,"status":"passed","summary":""},{"assertionResults":[{"ancestorTitles":["CreateBundleTag"],"duration":55,"failureDetails":[],"failureMessages":[],"fullName":"CreateBundleTag should return 200 if the bookmark was added successfully","invocations":1,"location":null,"numPassingAsserts":2,"retryReasons":[],"status":"passed","title":"should return 200 if the bookmark was added successfully"},{"ancestorTitles":["CreateBundleTag"],"duration":4,"failureDetails":[],"failureMessages":[],"fullName":"CreateBundleTag should return 500 if there is an internal server error","invocations":1,"location":null,"numPassingAsserts":2,"retryReasons":[],"status":"passed","title":"should return 500 if there is an internal server error"}],"endTime":1722060229657,"message":"","name":"/Users/edlee/Documents/fleure/fleure_backend/workers/bundle-tag/test/createBundleTag.test.ts","startTime":1722060226085,"status":"passed","summary":""},{"assertionResults":[{"ancestorTitles":["DeleteBundleTag"],"duration":59,"failureDetails":[],"failureMessages":[],"fullName":"DeleteBundleTag should return 200 if the bundle-tag was deleted successfully","invocations":1,"location":null,"numPassingAsserts":2,"retryReasons":[],"status":"passed","title":"should return 200 if the bundle-tag was deleted successfully"}],"endTime":1722060229670,"message":"","name":"/Users/edlee/Documents/fleure/fleure_backend/workers/bundle-tag/test/deleteBundleTag.test.ts","startTime":1722060226094,"status":"passed","summary":""},{"assertionResults":[{"ancestorTitles":["GetTagsByBundle"],"duration":60,"failureDetails":[],"failureMessages":[],"fullName":"GetTagsByBundle should return tags for a given bundle ID","invocations":1,"location":null,"numPassingAsserts":5,"retryReasons":[],"status":"passed","title":"should return tags for a given bundle ID"}],"endTime":1722060229681,"message":"","name":"/Users/edlee/Documents/fleure/fleure_backend/workers/bundle-tag/test/getTagsByBundle.test.ts","startTime":1722060226092,"status":"passed","summary":""}],"wasInterrupted":false}
