{"numFailedTestSuites":0,"numFailedTests":0,"numPassedTestSuites":4,"numPassedTests":8,"numPendingTestSuites":0,"numPendingTests":0,"numRuntimeErrorTestSuites":0,"numTodoTests":0,"numTotalTestSuites":4,"numTotalTests":8,"openHandles":[],"snapshot":{"added":0,"didUpdate":false,"failure":false,"filesAdded":0,"filesRemoved":0,"filesRemovedList":[],"filesUnmatched":0,"filesUpdated":0,"matched":0,"total":0,"unchecked":0,"uncheckedKeysByFile":[],"unmatched":0,"updated":0},"startTime":1722060237030,"success":true,"testResults":[{"assertionResults":[{"ancestorTitles":["GetIdByBundleBuyer"],"duration":33,"failureDetails":[],"failureMessages":[],"fullName":"GetIdByBundleBuyer should return message id when found","invocations":1,"location":null,"numPassingAsserts":4,"retryReasons":[],"status":"passed","title":"should return message id when found"},{"ancestorTitles":["GetIdByBundleBuyer"],"duration":2,"failureDetails":[],"failureMessages":[],"fullName":"GetIdByBundleBuyer should return error message when not found","invocations":1,"location":null,"numPassingAsserts":4,"retryReasons":[],"status":"passed","title":"should return error message when not found"}],"endTime":1722060240257,"message":"","name":"/Users/edlee/Documents/fleure/fleure_backend/workers/message/test/getIdByBundleBuyer.test.ts","startTime":1722060237409,"status":"passed","summary":""},{"assertionResults":[{"ancestorTitles":["GetIdsByBundle"],"duration":41,"failureDetails":[],"failureMessages":[],"fullName":"GetIdsByBundle should return list of message ids when found","invocations":1,"location":null,"numPassingAsserts":6,"retryReasons":[],"status":"passed","title":"should return list of message ids when found"},{"ancestorTitles":["GetIdsByBundle"],"duration":1,"failureDetails":[],"failureMessages":[],"fullName":"GetIdsByBundle should return empty list when no messages found","invocations":1,"location":null,"numPassingAsserts":6,"retryReasons":[],"status":"passed","title":"should return empty list when no messages found"}],"endTime":1722060240266,"message":"","name":"/Users/edlee/Documents/fleure/fleure_backend/workers/message/test/getIdsByBundle.test.ts","startTime":1722060237408,"status":"passed","summary":""},{"assertionResults":[{"ancestorTitles":["CreateMessage"],"duration":37,"failureDetails":[],"failureMessages":[],"fullName":"CreateMessage should handle successful message creation","invocations":1,"location":null,"numPassingAsserts":6,"retryReasons":[],"status":"passed","title":"should handle successful message creation"},{"ancestorTitles":["CreateMessage"],"duration":2,"failureDetails":[],"failureMessages":[],"fullName":"CreateMessage should handle message already existing","invocations":1,"location":null,"numPassingAsserts":5,"retryReasons":[],"status":"passed","title":"should handle message already existing"}],"endTime":1722060240268,"message":"","name":"/Users/edlee/Documents/fleure/fleure_backend/workers/message/test/createMessage.test.ts","startTime":1722060237414,"status":"passed","summary":""},{"assertionResults":[{"ancestorTitles":["GetIdsByBuyer"],"duration":37,"failureDetails":[],"failureMessages":[],"fullName":"GetIdsByBuyer should return list of message ids when found","invocations":1,"location":null,"numPassingAsserts":6,"retryReasons":[],"status":"passed","title":"should return list of message ids when found"},{"ancestorTitles":["GetIdsByBuyer"],"duration":2,"failureDetails":[],"failureMessages":[],"fullName":"GetIdsByBuyer should return empty list when no messages found","invocations":1,"location":null,"numPassingAsserts":6,"retryReasons":[],"status":"passed","title":"should return empty list when no messages found"}],"endTime":1722060240271,"message":"","name":"/Users/edlee/Documents/fleure/fleure_backend/workers/message/test/getIdsByBuyer.test.ts","startTime":1722060237415,"status":"passed","summary":""}],"wasInterrupted":false}
