{"numFailedTestSuites":0,"numFailedTests":0,"numPassedTestSuites":2,"numPassedTests":3,"numPendingTestSuites":0,"numPendingTests":0,"numRuntimeErrorTestSuites":0,"numTodoTests":0,"numTotalTestSuites":2,"numTotalTests":3,"openHandles":[],"snapshot":{"added":0,"didUpdate":false,"failure":false,"filesAdded":0,"filesRemoved":0,"filesRemovedList":[],"filesUnmatched":0,"filesUpdated":0,"matched":0,"total":0,"unchecked":0,"uncheckedKeysByFile":[],"unmatched":0,"updated":0},"startTime":1722060241614,"success":true,"testResults":[{"assertionResults":[{"ancestorTitles":["GetAllTags route"],"duration":31,"failureDetails":[],"failureMessages":[],"fullName":"GetAllTags route should return all tags","invocations":1,"location":null,"numPassingAsserts":1,"retryReasons":[],"status":"passed","title":"should return all tags"}],"endTime":1722060244067,"message":"","name":"/Users/edlee/Documents/fleure/fleure_backend/workers/tag/test/getAllTags.test.ts","startTime":1722060241998,"status":"passed","summary":""},{"assertionResults":[{"ancestorTitles":["RegisterTag route"],"duration":38,"failureDetails":[],"failureMessages":[],"fullName":"RegisterTag route should register a new tag successfully","invocations":1,"location":null,"numPassingAsserts":4,"retryReasons":[],"status":"passed","title":"should register a new tag successfully"},{"ancestorTitles":["RegisterTag route"],"duration":2,"failureDetails":[],"failureMessages":[],"fullName":"RegisterTag route should return 409 if the tag already exists","invocations":1,"location":null,"numPassingAsserts":4,"retryReasons":[],"status":"passed","title":"should return 409 if the tag already exists"}],"endTime":1722060244075,"message":"","name":"/Users/edlee/Documents/fleure/fleure_backend/workers/tag/test/registerTag.test.ts","startTime":1722060242002,"status":"passed","summary":""}],"wasInterrupted":false}
